[2024-06-27 07:39:55Z INFO HostContext] No proxy settings were found based on environmental variables (http_proxy/https_proxy/HTTP_PROXY/HTTPS_PROXY)
[2024-06-27 07:39:55Z INFO HostContext] Well known directory 'Bin': 'C:\Users\corvu\OneDrive\Documents\Kat Studios\hd2-companion\actions-runner\bin'
[2024-06-27 07:39:55Z INFO HostContext] Well known directory 'Root': 'C:\Users\corvu\OneDrive\Documents\Kat Studios\hd2-companion\actions-runner'
[2024-06-27 07:39:55Z INFO HostContext] Well known config file 'Credentials': 'C:\Users\corvu\OneDrive\Documents\Kat Studios\hd2-companion\actions-runner\.credentials'
[2024-06-27 07:39:55Z INFO HostContext] Well known directory 'Bin': 'C:\Users\corvu\OneDrive\Documents\Kat Studios\hd2-companion\actions-runner\bin'
[2024-06-27 07:39:55Z INFO HostContext] Well known directory 'Root': 'C:\Users\corvu\OneDrive\Documents\Kat Studios\hd2-companion\actions-runner'
[2024-06-27 07:39:55Z INFO HostContext] Well known config file 'Runner': 'C:\Users\corvu\OneDrive\Documents\Kat Studios\hd2-companion\actions-runner\.runner'
[2024-06-27 07:39:55Z INFO Listener] Runner is built for Windows (X64) - win-x64.
[2024-06-27 07:39:55Z INFO Listener] RuntimeInformation: Microsoft Windows 10.0.22631.
[2024-06-27 07:39:55Z INFO Listener] Version: 2.317.0
[2024-06-27 07:39:55Z INFO Listener] Commit: 6dc005ee3690a0303e0d7269b6f60295d22dcfad
[2024-06-27 07:39:55Z INFO Listener] Culture: en-US
[2024-06-27 07:39:55Z INFO Listener] UI Culture: en-US
[2024-06-27 07:39:55Z INFO HostContext] Well known directory 'Bin': 'C:\Users\corvu\OneDrive\Documents\Kat Studios\hd2-companion\actions-runner\bin'
[2024-06-27 07:39:55Z INFO HostContext] Well known directory 'Root': 'C:\Users\corvu\OneDrive\Documents\Kat Studios\hd2-companion\actions-runner'
[2024-06-27 07:39:55Z INFO Listener] Validating directory permissions for: 'C:\Users\corvu\OneDrive\Documents\Kat Studios\hd2-companion\actions-runner'
[2024-06-27 07:39:55Z INFO CommandLineParser] Parse
[2024-06-27 07:39:55Z INFO CommandLineParser] Parsing 1 args
[2024-06-27 07:39:55Z INFO CommandLineParser] parsing argument
[2024-06-27 07:39:55Z INFO CommandLineParser] HasArgs: False
[2024-06-27 07:39:55Z INFO CommandLineParser] Adding Command: run
[2024-06-27 07:39:55Z INFO Listener] Arguments parsed
[2024-06-27 07:39:55Z INFO Runner] ExecuteCommand
[2024-06-27 07:39:55Z INFO ConfigurationStore] currentAssemblyLocation: C:\Users\corvu\OneDrive\Documents\Kat Studios\hd2-companion\actions-runner\bin\Runner.Listener.dll
[2024-06-27 07:39:55Z INFO HostContext] Well known directory 'Bin': 'C:\Users\corvu\OneDrive\Documents\Kat Studios\hd2-companion\actions-runner\bin'
[2024-06-27 07:39:55Z INFO ConfigurationStore] binPath: C:\Users\corvu\OneDrive\Documents\Kat Studios\hd2-companion\actions-runner\bin
[2024-06-27 07:39:55Z INFO HostContext] Well known directory 'Bin': 'C:\Users\corvu\OneDrive\Documents\Kat Studios\hd2-companion\actions-runner\bin'
[2024-06-27 07:39:55Z INFO HostContext] Well known directory 'Root': 'C:\Users\corvu\OneDrive\Documents\Kat Studios\hd2-companion\actions-runner'
[2024-06-27 07:39:55Z INFO ConfigurationStore] RootFolder: C:\Users\corvu\OneDrive\Documents\Kat Studios\hd2-companion\actions-runner
[2024-06-27 07:39:55Z INFO HostContext] Well known directory 'Bin': 'C:\Users\corvu\OneDrive\Documents\Kat Studios\hd2-companion\actions-runner\bin'
[2024-06-27 07:39:55Z INFO HostContext] Well known directory 'Root': 'C:\Users\corvu\OneDrive\Documents\Kat Studios\hd2-companion\actions-runner'
[2024-06-27 07:39:55Z INFO HostContext] Well known config file 'Runner': 'C:\Users\corvu\OneDrive\Documents\Kat Studios\hd2-companion\actions-runner\.runner'
[2024-06-27 07:39:55Z INFO ConfigurationStore] ConfigFilePath: C:\Users\corvu\OneDrive\Documents\Kat Studios\hd2-companion\actions-runner\.runner
[2024-06-27 07:39:55Z INFO HostContext] Well known directory 'Bin': 'C:\Users\corvu\OneDrive\Documents\Kat Studios\hd2-companion\actions-runner\bin'
[2024-06-27 07:39:55Z INFO HostContext] Well known directory 'Root': 'C:\Users\corvu\OneDrive\Documents\Kat Studios\hd2-companion\actions-runner'
[2024-06-27 07:39:55Z INFO HostContext] Well known config file 'Credentials': 'C:\Users\corvu\OneDrive\Documents\Kat Studios\hd2-companion\actions-runner\.credentials'
[2024-06-27 07:39:55Z INFO ConfigurationStore] CredFilePath: C:\Users\corvu\OneDrive\Documents\Kat Studios\hd2-companion\actions-runner\.credentials
[2024-06-27 07:39:55Z INFO HostContext] Well known directory 'Bin': 'C:\Users\corvu\OneDrive\Documents\Kat Studios\hd2-companion\actions-runner\bin'
[2024-06-27 07:39:55Z INFO HostContext] Well known directory 'Root': 'C:\Users\corvu\OneDrive\Documents\Kat Studios\hd2-companion\actions-runner'
[2024-06-27 07:39:55Z INFO HostContext] Well known config file 'MigratedCredentials': 'C:\Users\corvu\OneDrive\Documents\Kat Studios\hd2-companion\actions-runner\.credentials_migrated'
[2024-06-27 07:39:55Z INFO ConfigurationStore] MigratedCredFilePath: C:\Users\corvu\OneDrive\Documents\Kat Studios\hd2-companion\actions-runner\.credentials_migrated
[2024-06-27 07:39:55Z INFO HostContext] Well known directory 'Bin': 'C:\Users\corvu\OneDrive\Documents\Kat Studios\hd2-companion\actions-runner\bin'
[2024-06-27 07:39:55Z INFO HostContext] Well known directory 'Root': 'C:\Users\corvu\OneDrive\Documents\Kat Studios\hd2-companion\actions-runner'
[2024-06-27 07:39:55Z INFO HostContext] Well known config file 'Service': 'C:\Users\corvu\OneDrive\Documents\Kat Studios\hd2-companion\actions-runner\.service'
[2024-06-27 07:39:55Z INFO ConfigurationStore] ServiceConfigFilePath: C:\Users\corvu\OneDrive\Documents\Kat Studios\hd2-companion\actions-runner\.service
[2024-06-27 07:39:55Z INFO CommandSettings] Flag 'help': 'False'
[2024-06-27 07:39:55Z INFO CommandSettings] Flag 'version': 'False'
[2024-06-27 07:39:55Z INFO CommandSettings] Flag 'commit': 'False'
[2024-06-27 07:39:55Z INFO CommandSettings] Flag 'check': 'False'
[2024-06-27 07:39:55Z INFO CommandSettings] Command 'configure': 'False'
[2024-06-27 07:39:55Z INFO CommandSettings] Command 'remove': 'False'
[2024-06-27 07:39:55Z INFO CommandSettings] Command 'warmup': 'False'
[2024-06-27 07:39:55Z INFO ConfigurationManager] LoadSettings
[2024-06-27 07:39:55Z INFO ConfigurationStore] IsConfigured()
[2024-06-27 07:39:55Z INFO ConfigurationStore] IsConfigured: True
[2024-06-27 07:39:55Z INFO ConfigurationManager] Is configured: True
[2024-06-27 07:39:55Z INFO ConfigurationStore] Read setting file: 302 chars
[2024-06-27 07:39:55Z INFO ConfigurationManager] Settings Loaded
[2024-06-27 07:39:55Z INFO ConfigurationStore] IsServiceConfigured()
[2024-06-27 07:39:55Z INFO ConfigurationStore] IsServiceConfigured: True
[2024-06-27 07:39:55Z INFO CommandSettings] Command 'run': 'True'
[2024-06-27 07:39:55Z INFO ConfigurationStore] IsConfigured()
[2024-06-27 07:39:55Z INFO ConfigurationStore] IsConfigured: True
[2024-06-27 07:39:55Z INFO ConfigurationManager] Is configured: True
[2024-06-27 07:39:55Z INFO Runner] Try determine runner startup type base on console redirects.
[2024-06-27 07:39:55Z INFO Runner] Set runner startup type - Manual
[2024-06-27 07:39:55Z INFO CommandSettings] Flag 'once': 'False'
[2024-06-27 07:39:55Z INFO CommandSettings] Flag 'once': 'False'
[2024-06-27 07:39:55Z INFO Runner] RunAsync
[2024-06-27 07:39:55Z INFO ConfigurationManager] LoadSettings
[2024-06-27 07:39:55Z INFO ConfigurationStore] IsConfigured()
[2024-06-27 07:39:55Z INFO ConfigurationStore] IsConfigured: True
[2024-06-27 07:39:55Z INFO ConfigurationManager] Is configured: True
[2024-06-27 07:39:55Z INFO ConfigurationManager] Settings Loaded
[2024-06-27 07:39:55Z INFO MessageListener] {
  "AgentId": 21,
  "AgentName": "HD2",
  "PoolId": 1,
  "PoolName": "Default",
  "ServerUrl": "https://pipelinesghubeus12.actions.githubusercontent.com/19gbyg0ONc1181BUKirzEA6wkUMBvLdavPWohN074gJHJUD2WP/",
  "GitHubUrl": "https://github.com/addyv1bes/hd2-companion",
  "WorkFolder": "_work"
}
[2024-06-27 07:39:55Z INFO MessageListener] Loading Credentials
[2024-06-27 07:39:55Z INFO ConfigurationStore] HasCredentials()
[2024-06-27 07:39:55Z INFO ConfigurationStore] stored True
[2024-06-27 07:39:55Z INFO CredentialManager] GetCredentialProvider
[2024-06-27 07:39:55Z INFO CredentialManager] Creating type OAuth
[2024-06-27 07:39:55Z INFO CredentialManager] Creating credential type: OAuth
[2024-06-27 07:39:55Z INFO HostContext] Well known directory 'Bin': 'C:\Users\corvu\OneDrive\Documents\Kat Studios\hd2-companion\actions-runner\bin'
[2024-06-27 07:39:55Z INFO HostContext] Well known directory 'Root': 'C:\Users\corvu\OneDrive\Documents\Kat Studios\hd2-companion\actions-runner'
[2024-06-27 07:39:55Z INFO HostContext] Well known config file 'RSACredentials': 'C:\Users\corvu\OneDrive\Documents\Kat Studios\hd2-companion\actions-runner\.credentials_rsaparams'
[2024-06-27 07:39:55Z INFO RSAEncryptedFileKeyManager] Loading RSA key parameters from file C:\Users\corvu\OneDrive\Documents\Kat Studios\hd2-companion\actions-runner\.credentials_rsaparams
[2024-06-27 07:39:55Z INFO MessageListener] Attempt to create session.
[2024-06-27 07:39:55Z INFO MessageListener] Connecting to the Runner Server...
[2024-06-27 07:39:55Z INFO RunnerServer] EstablishVssConnection
[2024-06-27 07:39:55Z INFO RunnerServer] Establish connection with 100 seconds timeout.
[2024-06-27 07:39:55Z INFO GitHubActionsService] Starting operation Location.GetConnectionData
[2024-06-27 07:39:55Z INFO RunnerServer] EstablishVssConnection
[2024-06-27 07:39:55Z INFO RunnerServer] Establish connection with 60 seconds timeout.
[2024-06-27 07:39:55Z INFO GitHubActionsService] Starting operation Location.GetConnectionData
[2024-06-27 07:39:55Z INFO RunnerServer] EstablishVssConnection
[2024-06-27 07:39:55Z INFO RunnerServer] Establish connection with 60 seconds timeout.
[2024-06-27 07:39:55Z INFO GitHubActionsService] Starting operation Location.GetConnectionData
[2024-06-27 07:39:55Z INFO GitHubActionsService] Finished operation Location.GetConnectionData
[2024-06-27 07:39:55Z INFO GitHubActionsService] Finished operation Location.GetConnectionData
[2024-06-27 07:39:55Z INFO GitHubActionsService] Finished operation Location.GetConnectionData
[2024-06-27 07:39:55Z INFO MessageListener] VssConnection created
[2024-06-27 07:39:55Z INFO Terminal] WRITE LINE: 
[2024-06-27 07:39:55Z INFO Terminal] WRITE LINE: 
[2024-06-27 07:39:55Z INFO RSAEncryptedFileKeyManager] Loading RSA key parameters from file C:\Users\corvu\OneDrive\Documents\Kat Studios\hd2-companion\actions-runner\.credentials_rsaparams
[2024-06-27 07:39:55Z INFO RSAEncryptedFileKeyManager] Loading RSA key parameters from file C:\Users\corvu\OneDrive\Documents\Kat Studios\hd2-companion\actions-runner\.credentials_rsaparams
[2024-06-27 07:39:56Z INFO GitHubActionsService] AAD Correlation ID for this token request: Unknown
[2024-06-27 07:39:56Z INFO MessageListener] Session created.
[2024-06-27 07:39:56Z INFO Terminal] WRITE LINE: Current runner version: '2.317.0'
[2024-06-27 07:39:56Z INFO Terminal] WRITE LINE: 2024-06-27 07:39:56Z: Listening for Jobs
[2024-06-27 07:39:56Z INFO JobDispatcher] Set runner/worker IPC timeout to 30 seconds.
[2024-06-27 07:41:26Z INFO HostContext] Runner will be shutdown for UserCancelled
[2024-06-27 07:41:26Z WARN GitHubActionsService] GET request to https://pipelinesghubeus12.actions.githubusercontent.com/19gbyg0ONc1181BUKirzEA6wkUMBvLdavPWohN074gJHJUD2WP/_apis/distributedtask/pools/1/messages?sessionId=d8e64cc3-77ba-4f0e-a726-d871627ef02d&status=Online&runnerVersion=2.317.0&os=Windows&architecture=X64&disableUpdate=false has been cancelled.
[2024-06-27 07:41:26Z INFO MessageListener] Get next message has been cancelled.
[2024-06-27 07:41:26Z INFO JobDispatcher] Shutting down JobDispatcher. Make sure all WorkerDispatcher has finished.
[2024-06-27 07:41:26Z INFO Runner] Deleting Runner Session...
